<?xml version="1.0" encoding="UTF-8" ?>
<testsuite failures="0" time="0.017" errors="0" skipped="0" tests="59" name="net.kylindb.coder.ValueCoderTest">
  <properties>
[...]
</properties>
  <testcase time="0" classname="net.kylindb.coder.ValueCoderTest" name="testStringDecode52"/>
  <testcase time="0.003" classname="net.kylindb.coder.ValueCoderTest" name="testStringaa"/>
  <testcase time="0" classname="net.kylindb.coder.ValueCoderTest" name="testIntegerDecode11bit"/>
  <testcase time="0" classname="net.kylindb.coder.ValueCoderTest" name="testIntegerDecode18bit"/>
  <testcase time="0.001" classname="net.kylindb.coder.ValueCoderTest" name="testIntegerDecode25bit"/>
  <testcase time="0" classname="net.kylindb.coder.ValueCoderTest" name="testIntegerDecode31bit"/>
  <testcase time="0.001" classname="net.kylindb.coder.ValueCoderTest" name="testIntegerDecode32bit"/>
  <testcase time="0" classname="net.kylindb.coder.ValueCoderTest" name="testStringDecode1140"/>
  <testcase time="0" classname="net.kylindb.coder.ValueCoderTest" name="testNegativeIntegerEncode12bit"/>
  <testcase time="0" classname="net.kylindb.coder.ValueCoderTest" name="testBooleanDecode1"/>
  <testcase time="0" classname="net.kylindb.coder.ValueCoderTest" name="testLong"/>
  <testcase time="0" classname="net.kylindb.coder.ValueCoderTest" name="testBooleanEncodeTrue"/>
  <testcase time="0.001" classname="net.kylindb.coder.ValueCoderTest" name="testBooleanDecode"/>
  <testcase time="0" classname="net.kylindb.coder.ValueCoderTest" name="testIntegerEncode10bit"/>
  <testcase time="0.001" classname="net.kylindb.coder.ValueCoderTest" name="testIntegerEncode11bit"/>
  <testcase time="0" classname="net.kylindb.coder.ValueCoderTest" name="testIntegerEncode12bit"/>
  <testcase time="0" classname="net.kylindb.coder.ValueCoderTest" name="testIntegerEncode17bit"/>
  <testcase time="0" classname="net.kylindb.coder.ValueCoderTest" name="testIntegerEncode18bit"/>
  <testcase time="0" classname="net.kylindb.coder.ValueCoderTest" name="testIntegerEncode19bit"/>
  <testcase time="0" classname="net.kylindb.coder.ValueCoderTest" name="testIntegerEncode25bit"/>
  <testcase time="0.001" classname="net.kylindb.coder.ValueCoderTest" name="testIntegerEncode26bit"/>
  <testcase time="0" classname="net.kylindb.coder.ValueCoderTest" name="testIntegerEncode31bit"/>
  <testcase time="0" classname="net.kylindb.coder.ValueCoderTest" name="testIntegerDecode4bit"/>
  <testcase time="0.001" classname="net.kylindb.coder.ValueCoderTest" name="testLongDecode4bit"/>
  <testcase time="0" classname="net.kylindb.coder.ValueCoderTest" name="testStringDecode1"/>
  <testcase time="0.001" classname="net.kylindb.coder.ValueCoderTest" name="testIntegerEncode1bit"/>
  <testcase time="0" classname="net.kylindb.coder.ValueCoderTest" name="testIntegerEncode2bit"/>
  <testcase time="0" classname="net.kylindb.coder.ValueCoderTest" name="testIntegerEncode3bit"/>
  <testcase time="0.001" classname="net.kylindb.coder.ValueCoderTest" name="testIntegerEncode4bit"/>
  <testcase time="0" classname="net.kylindb.coder.ValueCoderTest" name="testIntegerEncode5bit"/>
  <testcase time="0.001" classname="net.kylindb.coder.ValueCoderTest" name="testIntegerEncode6bit"/>
  <testcase time="0" classname="net.kylindb.coder.ValueCoderTest" name="testLongDecode11bit"/>
  <testcase time="0" classname="net.kylindb.coder.ValueCoderTest" name="testLongDecode19bit"/>
  <testcase time="0.001" classname="net.kylindb.coder.ValueCoderTest" name="testLongDecode26bit"/>
  <testcase time="0.001" classname="net.kylindb.coder.ValueCoderTest" name="testLongDecode33bit"/>
  <testcase time="0.001" classname="net.kylindb.coder.ValueCoderTest" name="testLongDecode39bit"/>
  <testcase time="0" classname="net.kylindb.coder.ValueCoderTest" name="testLongDecode46bit"/>
  <testcase time="0" classname="net.kylindb.coder.ValueCoderTest" name="testLongDecode53bit"/>
  <testcase time="0.001" classname="net.kylindb.coder.ValueCoderTest" name="testLongDecode60bit"/>
  <testcase time="0" classname="net.kylindb.coder.ValueCoderTest" name="testLongDecode63bit"/>
  <testcase time="0" classname="net.kylindb.coder.ValueCoderTest" name="testStringEncode1"/>
  <testcase time="0" classname="net.kylindb.coder.ValueCoderTest" name="testStringEncode2"/>
  <testcase time="0" classname="net.kylindb.coder.ValueCoderTest" name="testBooleanEncodeFalse"/>
  <testcase time="0" classname="net.kylindb.coder.ValueCoderTest" name="testStringEncode"/>
  <testcase time="0" classname="net.kylindb.coder.ValueCoderTest" name="testLongEncode32bit"/>
  <testcase time="0" classname="net.kylindb.coder.ValueCoderTest" name="testLongEncode38bit"/>
  <testcase time="0" classname="net.kylindb.coder.ValueCoderTest" name="testLongEncode39bit"/>
  <testcase time="0" classname="net.kylindb.coder.ValueCoderTest" name="testLongEncode45bit"/>
  <testcase time="0" classname="net.kylindb.coder.ValueCoderTest" name="testLongEncode46bit"/>
  <testcase time="0" classname="net.kylindb.coder.ValueCoderTest" name="testLongEncode52bit"/>
  <testcase time="0" classname="net.kylindb.coder.ValueCoderTest" name="testLongEncode53bit"/>
  <testcase time="0" classname="net.kylindb.coder.ValueCoderTest" name="testLongEncode59bit"/>
  <testcase time="0" classname="net.kylindb.coder.ValueCoderTest" name="testLongEncode60bit"/>
  <testcase time="0" classname="net.kylindb.coder.ValueCoderTest" name="testLongEncode63bit"/>
  <testcase time="0" classname="net.kylindb.coder.ValueCoderTest" name="testNegativeIntegerEncode1bit"/>
  <testcase time="0.001" classname="net.kylindb.coder.ValueCoderTest" name="testFloatEncode"/>
  <testcase time="0" classname="net.kylindb.coder.ValueCoderTest" name="testInteger"/>
  <testcase time="0" classname="net.kylindb.coder.ValueCoderTest" name="testNegative"/>
  <testcase time="0" classname="net.kylindb.coder.ValueCoderTest" name="testDoubleEncode"/>
</testsuite>